undefined
undefined
1634
10231
2551
9343
-10231
5738
undefined
7122 -5354 -2863 -5759 -7222 -4422 -9536 8351
-10824 -9676
4617 -2277
-8730 16623
-18350 2772
2075 1104
-11260 -5288
undefined
undefined
undefined
5775
-5400
-2982 428 1769 -3436 564 -3806
4661 -878 -3993 10261 -900 -2215
-180 48 237 -726 36 636
4373 -638 -2655 5281 -828 5177
3728 -568 -2405 5066 -708 3472
1003 -34 51 -1417 -180 5575
-5740 1032 4628 -11484 1104 804
5660 1359 296 2286 -1874 -3140 -8606 1076
-2169 -9022 7425 -13828 2524 -10377 9703 -12635
2763 -4942 14979 -3841 -4292 5049 8485 -12216
-5467 6357 -9160 1907 4889 6041 -5145 16822
-8365 14470 -808 -9675 1933 8217
14724 1360 97 1441 4204 -2010
9402 -2232 4741 2423 2964 -3111
2724 13549 4961 -6520 9440 -8460
-12953 -6499 -2795 1448 -7323 13293
undefined
-678 -3360 1948 -1808 -919 3895 -3359
4832 -1659 5694 -5142 681 -6165 442
-3182 1365 -3958 3578 -386 3830 -41
-6720 4956 -9944 9016 -340 6340 1816
-1674 -5691 2818 -2630 -1672 7420 -5903
4370 -5082 7888 -7172 -205 -2555 -2887
undefined
8063 8351 11126 2646 4191 -14309
-1174 142 -3212 7071 -4085 -3805
8117 -5236 10470 6077 539 -10714
-7004 -3534 -2016 -8673 7016 3759
5100 10319 16826 -5835 7619 -10391
2686 8337 4976 1398 -8201 1614
undefined
-9498 -5310
-9397 2944
10345 3342
4186 -283
-1464 -12885
5470 -7891
-2604 -11764
4039 -335
undefined
undefined
undefined
undefined
3026 12448 4198
-1280 8031 2807
-10512 1058 -10786
9544 1091 13363
-6432 -1881 -8405
-11805 6597 -2585 100
-9087 4015 -1210 -10205
8392 -8935 -2631 -4096
-5084 27748 21322 10184
-10456 5892 1238 6676 7681 2860
3968 6725 173 -4086 -1941 -5785
-5267 8874 406 5549 -1813 -6514
8521 -15191 -1631 -4257 -6174 4051
13930
-13158
-3695 -9183 5813 -11674 -15520
-5484 -5118 -7106 -3330 1755
13330 9798 -6684 -6439 10937
8519 3048 -219 -19749 -10952
undefined
-7416 -1656 -114 6810 6210 3738
14290 1476 4318 1990 -3329 -9315
2145 -8010
-1452 -16965
6564 -20549
-3664 3056
-3888 4496
13538 15979
-12232 -13023
1677 -1996 -2729
-702 5064 -4492
722 -2854 4012
-222 3951 1584
921 -2125 1087
712 2316 -8508
180 451 -332
34 -3929 -304
-4251 3154 -6794
-11386 14287 -11053
-13664 -698 -1869
-498 -8292 3987
10141 -9675 10691
2521 -595 7669
undefined
undefined
undefined
1795 10288 15422 -1036 6331
11694 -13957 -1038 -2447 -3682
-3456 2145 8032 -13772 18687
-609 -2632 88 1583 4780
1195
-445
745
7317
1298
8927
-1441
7035 -5782 -5677 5901 -18516 -3045 7400
undefined
-1856 7706 -10952 12074 -11006 -8558 -8240
5506 4499 2510 2441 -5465 -5151 -2852
-5183 4685 1962 600 4293 2678
-6357 4395 6345 3330 6318 7824
undefined
undefined
3089
-4144
6639
4498
-6696
-8417
undefined
undefined
-5851 2694 2987 8468 -8086 -9920 2522
4876 -6378 -9395 -8744 1283 13204 2062
-7277 -2149 16124
1749 -3963 11224
-3097 -4697 18400
